safe/build/outputs/logs/manifest-merger-debug-report.txt
-- Merging decision tree log ---
manifest
ADDED from src\main\AndroidManifest.xml:2:1-336:12
	package
		ADDED from src\main\AndroidManifest.xml:3:5-28
		INJECTED from src\main\AndroidManifest.xml
		INJECTED from src\main\AndroidManifest.xml
	android:versionName
		ADDED from src\main\AndroidManifest.xml:5:5-30
		INJECTED from src\main\AndroidManifest.xml
		INJECTED from src\main\AndroidManifest.xml
	android:versionCode
		ADDED from src\main\AndroidManifest.xml:4:5-28
		INJECTED from src\main\AndroidManifest.xml
		INJECTED from src\main\AndroidManifest.xml
	xmlns:android
		ADDED from src\main\AndroidManifest.xml:2:11-69
uses-sdk
ADDED from src\main\AndroidManifest.xml:7:5-9:41
MERGED from [com.android.support:appcompat-v7:19.1.0] AndroidManifest.xml:18:5-42
	android:targetSdkVersion
		ADDED from src\main\AndroidManifest.xml:9:9-38
		INJECTED from src\main\AndroidManifest.xml
		INJECTED from src\main\AndroidManifest.xml
	android:minSdkVersion
		ADDED from src\main\AndroidManifest.xml:8:9-35
		INJECTED from src\main\AndroidManifest.xml
		INJECTED from src\main\AndroidManifest.xml
instrumentation#android.test.InstrumentationTestRunner
ADDED from src\main\AndroidManifest.xml:11:5-13:49
	android:targetPackage
		ADDED from src\main\AndroidManifest.xml:13:9-46
	android:name
		ADDED from src\main\AndroidManifest.xml:12:9-62
uses-permission#android.permission.WRITE_EXTERNAL_STORAGE
ADDED from src\main\AndroidManifest.xml:15:5-81
	android:name
		ADDED from src\main\AndroidManifest.xml:15:22-78
uses-permission#android.permission.READ_PHONE_STATE
ADDED from src\main\AndroidManifest.xml:16:5-75
	android:name
		ADDED from src\main\AndroidManifest.xml:16:22-72
uses-permission#android.permission.RECEIVE_BOOT_COMPLETED
ADDED from src\main\AndroidManifest.xml:17:5-81
	android:name
		ADDED from src\main\AndroidManifest.xml:17:22-78
uses-permission#android.permission.READ_CONTACTS
ADDED from src\main\AndroidManifest.xml:18:5-72
	android:name
		ADDED from src\main\AndroidManifest.xml:18:22-69
uses-permission#android.permission.RECEIVE_SMS
ADDED from src\main\AndroidManifest.xml:19:5-70
	android:name
		ADDED from src\main\AndroidManifest.xml:19:22-67
uses-permission#android.permission.ACCESS_FINE_LOCATION
ADDED from src\main\AndroidManifest.xml:20:5-79
	android:name
		ADDED from src\main\AndroidManifest.xml:20:22-76
uses-permission#android.permission.ACCESS_MOCK_LOCATION
ADDED from src\main\AndroidManifest.xml:21:5-79
	android:name
		ADDED from src\main\AndroidManifest.xml:21:22-76
uses-permission#android.permission.ACCESS_COARSE_LOCATION
ADDED from src\main\AndroidManifest.xml:22:5-81
	android:name
		ADDED from src\main\AndroidManifest.xml:22:22-78
uses-permission#android.permission.SEND_SMS
ADDED from src\main\AndroidManifest.xml:23:5-67
	android:name
		ADDED from src\main\AndroidManifest.xml:23:22-64
uses-permission#android.permission.VIBRATE
ADDED from src\main\AndroidManifest.xml:24:5-66
	android:name
		ADDED from src\main\AndroidManifest.xml:24:22-63
uses-permission#android.permission.PROCESS_OUTGOING_CALLS
ADDED from src\main\AndroidManifest.xml:25:5-81
	android:name
		ADDED from src\main\AndroidManifest.xml:25:22-78
uses-permission#android.permission.SYSTEM_ALERT_WINDOW
ADDED from src\main\AndroidManifest.xml:26:5-78
	android:name
		ADDED from src\main\AndroidManifest.xml:26:22-75
uses-permission#android.permission.CALL_PHONE
ADDED from src\main\AndroidManifest.xml:27:5-69
	android:name
		ADDED from src\main\AndroidManifest.xml:27:22-66
uses-permission#android.permission.READ_SMS
ADDED from src\main\AndroidManifest.xml:28:5-67
	android:name
		ADDED from src\main\AndroidManifest.xml:28:22-64
uses-permission#android.permission.WRITE_SMS
ADDED from src\main\AndroidManifest.xml:29:5-68
	android:name
		ADDED from src\main\AndroidManifest.xml:29:22-65
uses-permission#android.permission.READ_EXTERNAL_STORAGE
ADDED from src\main\AndroidManifest.xml:30:5-80
	android:name
		ADDED from src\main\AndroidManifest.xml:30:22-77
uses-permission#com.android.launcher.permission.INSTALL_SHORTCUT
ADDED from src\main\AndroidManifest.xml:31:5-88
	android:name
		ADDED from src\main\AndroidManifest.xml:31:22-85
uses-permission#android.permission.KILL_BACKGROUND_PROCESSES
ADDED from src\main\AndroidManifest.xml:32:5-84
	android:name
		ADDED from src\main\AndroidManifest.xml:32:22-81
uses-permission#android.permission.GET_TASKS
ADDED from src\main\AndroidManifest.xml:33:5-68
	android:name
		ADDED from src\main\AndroidManifest.xml:33:22-65
uses-permission#android.permission.GET_PACKAGE_SIZE
ADDED from src\main\AndroidManifest.xml:34:5-74
	android:name
		ADDED from src\main\AndroidManifest.xml:34:22-72
uses-permission#android.permission.CLEAR_APP_CACHE
ADDED from src\main\AndroidManifest.xml:35:5-73
	android:name
		ADDED from src\main\AndroidManifest.xml:35:22-71
permission#org.yooz.safe.permission.JPUSH_MESSAGE
ADDED from src\main\AndroidManifest.xml:41:5-43:47
	android:protectionLevel
		ADDED from src\main\AndroidManifest.xml:43:9-44
	android:name
		ADDED from src\main\AndroidManifest.xml:42:9-62
uses-permission#org.yooz.safe.permission.JPUSH_MESSAGE
ADDED from src\main\AndroidManifest.xml:46:5-78
	android:name
		ADDED from src\main\AndroidManifest.xml:46:22-75
uses-permission#android.permission.RECEIVE_USER_PRESENT
ADDED from src\main\AndroidManifest.xml:47:5-79
	android:name
		ADDED from src\main\AndroidManifest.xml:47:22-76
uses-permission#android.permission.INTERNET
ADDED from src\main\AndroidManifest.xml:48:5-67
	android:name
		ADDED from src\main\AndroidManifest.xml:48:22-64
uses-permission#android.permission.WAKE_LOCK
ADDED from src\main\AndroidManifest.xml:49:5-68
	android:name
		ADDED from src\main\AndroidManifest.xml:49:22-65
uses-permission#android.permission.WRITE_SETTINGS
ADDED from src\main\AndroidManifest.xml:53:5-73
	android:name
		ADDED from src\main\AndroidManifest.xml:53:22-70
uses-permission#android.permission.MOUNT_UNMOUNT_FILESYSTEMS
ADDED from src\main\AndroidManifest.xml:55:5-84
	android:name
		ADDED from src\main\AndroidManifest.xml:55:22-81
uses-permission#android.permission.ACCESS_NETWORK_STATE
ADDED from src\main\AndroidManifest.xml:56:5-79
	android:name
		ADDED from src\main\AndroidManifest.xml:56:22-76
uses-permission#android.permission.ACCESS_WIFI_STATE
ADDED from src\main\AndroidManifest.xml:57:5-76
	android:name
		ADDED from src\main\AndroidManifest.xml:57:22-73
uses-permission#android.permission.CHANGE_WIFI_STATE
ADDED from src\main\AndroidManifest.xml:62:5-76
	android:name
		ADDED from src\main\AndroidManifest.xml:62:22-73
uses-permission#android.permission.ACCESS_LOCATION_EXTRA_COMMANDS
ADDED from src\main\AndroidManifest.xml:64:5-89
	android:name
		ADDED from src\main\AndroidManifest.xml:64:22-86
uses-permission#android.permission.CHANGE_NETWORK_STATE
ADDED from src\main\AndroidManifest.xml:65:5-79
	android:name
		ADDED from src\main\AndroidManifest.xml:65:22-76
application
ADDED from src\main\AndroidManifest.xml:68:5-335:19
MERGED from [com.android.support:appcompat-v7:19.1.0] AndroidManifest.xml:19:5-20
	android:label
		ADDED from src\main\AndroidManifest.xml:71:9-41
	android:allowBackup
		ADDED from src\main\AndroidManifest.xml:69:9-35
	android:icon
		ADDED from src\main\AndroidManifest.xml:70:9-45
	android:theme
		ADDED from src\main\AndroidManifest.xml:73:9-41
	android:name
		ADDED from src\main\AndroidManifest.xml:72:9-46
uses-library#android.test.runner
ADDED from src\main\AndroidManifest.xml:74:9-60
	android:name
		ADDED from src\main\AndroidManifest.xml:74:23-57
activity#org.yooz.safe.SplashMainActivity
ADDED from src\main\AndroidManifest.xml:76:9-84:20
	android:label
		ADDED from src\main\AndroidManifest.xml:78:13-45
	android:name
		ADDED from src\main\AndroidManifest.xml:77:13-47
intent-filter#android.intent.action.MAIN+android.intent.category.LAUNCHER
ADDED from src\main\AndroidManifest.xml:79:13-83:29
action#android.intent.action.MAIN
ADDED from src\main\AndroidManifest.xml:80:17-69
	android:name
		ADDED from src\main\AndroidManifest.xml:80:25-66
category#android.intent.category.LAUNCHER
ADDED from src\main\AndroidManifest.xml:82:17-77
	android:name
		ADDED from src\main\AndroidManifest.xml:82:27-74
activity#org.yooz.safe.HomeActivity
ADDED from src\main\AndroidManifest.xml:85:9-91:20
	android:name
		ADDED from src\main\AndroidManifest.xml:85:19-47
intent-filter#ANDROID.INTENT.CATEGORY.DEFAULT+home_shortcut
ADDED from src\main\AndroidManifest.xml:86:13-90:29
action#home_shortcut
ADDED from src\main\AndroidManifest.xml:87:17-56
	android:name
		ADDED from src\main\AndroidManifest.xml:87:25-53
category#ANDROID.INTENT.CATEGORY.DEFAULT
ADDED from src\main\AndroidManifest.xml:89:17-76
	android:name
		ADDED from src\main\AndroidManifest.xml:89:27-73
activity#org.yooz.safe.SettingActivity
ADDED from src\main\AndroidManifest.xml:92:9-93:20
	android:name
		ADDED from src\main\AndroidManifest.xml:92:19-50
activity#org.yooz.safe.LostFindActivity
ADDED from src\main\AndroidManifest.xml:94:9-95:20
	android:name
		ADDED from src\main\AndroidManifest.xml:94:19-51
activity#org.yooz.safe.Setup1Activity
ADDED from src\main\AndroidManifest.xml:96:9-97:20
	android:name
		ADDED from src\main\AndroidManifest.xml:96:19-49
activity#org.yooz.safe.Setup2Activity
ADDED from src\main\AndroidManifest.xml:98:9-99:20
	android:name
		ADDED from src\main\AndroidManifest.xml:98:19-49
activity#org.yooz.safe.Setup3Activity
ADDED from src\main\AndroidManifest.xml:100:9-101:20
	android:name
		ADDED from src\main\AndroidManifest.xml:100:19-49
activity#org.yooz.safe.Setup4Activity
ADDED from src\main\AndroidManifest.xml:102:9-103:20
	android:name
		ADDED from src\main\AndroidManifest.xml:102:19-49
activity#org.yooz.safe.ContactListActivity
ADDED from src\main\AndroidManifest.xml:104:9-105:20
	android:name
		ADDED from src\main\AndroidManifest.xml:104:19-54
receiver#org.yooz.receiver.BootCompleteReceiver
ADDED from src\main\AndroidManifest.xml:107:9-111:20
	android:name
		ADDED from src\main\AndroidManifest.xml:107:19-72
intent-filter#android.intent.action.BOOT_COMPLETED
ADDED from src\main\AndroidManifest.xml:108:13-110:29
action#android.intent.action.BOOT_COMPLETED
ADDED from src\main\AndroidManifest.xml:109:17-79
	android:name
		ADDED from src\main\AndroidManifest.xml:109:25-76
receiver#org.yooz.receiver.SmsReceiver
ADDED from src\main\AndroidManifest.xml:112:9-116:20
	android:name
		ADDED from src\main\AndroidManifest.xml:112:19-63
intent-filter#android.provider.Telephony.SMS_RECEIVED
ADDED from src\main\AndroidManifest.xml:113:13-115:29
	android:priority
		ADDED from src\main\AndroidManifest.xml:113:28-57
action#android.provider.Telephony.SMS_RECEIVED
ADDED from src\main\AndroidManifest.xml:114:17-82
	android:name
		ADDED from src\main\AndroidManifest.xml:114:25-79
service#org.yooz.service.LocationService
ADDED from src\main\AndroidManifest.xml:118:9-119:19
	android:name
		ADDED from src\main\AndroidManifest.xml:118:18-65
receiver#org.yooz.receiver.AdminReceiver
ADDED from src\main\AndroidManifest.xml:121:9-132:20
	android:label
		ADDED from src\main\AndroidManifest.xml:124:13-56
	android:permission
		ADDED from src\main\AndroidManifest.xml:125:13-70
	android:description
		ADDED from src\main\AndroidManifest.xml:123:13-74
	android:name
		ADDED from src\main\AndroidManifest.xml:122:13-59
meta-data#android.app.device_admin
ADDED from src\main\AndroidManifest.xml:126:13-128:63
	android:resource
		ADDED from src\main\AndroidManifest.xml:128:17-60
	android:name
		ADDED from src\main\AndroidManifest.xml:127:17-56
intent-filter#android.app.action.DEVICE_ADMIN_ENABLED
ADDED from src\main\AndroidManifest.xml:129:13-131:29
action#android.app.action.DEVICE_ADMIN_ENABLED
ADDED from src\main\AndroidManifest.xml:130:17-82
	android:name
		ADDED from src\main\AndroidManifest.xml:130:25-79
activity#org.yooz.receiver.DeviceAdmin
ADDED from src\main\AndroidManifest.xml:134:9-66
	android:name
		ADDED from src\main\AndroidManifest.xml:134:19-63
activity#org.yooz.safe.AtoolsActivity
ADDED from src\main\AndroidManifest.xml:135:9-52
	android:name
		ADDED from src\main\AndroidManifest.xml:135:19-49
activity#org.yooz.safe.AddressActivity
ADDED from src\main\AndroidManifest.xml:136:9-53
	android:name
		ADDED from src\main\AndroidManifest.xml:136:19-50
service#org.yooz.service.AddressService
ADDED from src\main\AndroidManifest.xml:138:9-67
	android:name
		ADDED from src\main\AndroidManifest.xml:138:18-64
receiver#org.yooz.receiver.OutCallReceiver
ADDED from src\main\AndroidManifest.xml:140:9-144:20
	android:name
		ADDED from src\main\AndroidManifest.xml:140:19-67
intent-filter#android.intent.action.NEW_OUTGOING_CALL
ADDED from src\main\AndroidManifest.xml:141:13-143:29
action#android.intent.action.NEW_OUTGOING_CALL
ADDED from src\main\AndroidManifest.xml:142:17-82
	android:name
		ADDED from src\main\AndroidManifest.xml:142:25-79
activity#org.yooz.safe.DragViewActivity
ADDED from src\main\AndroidManifest.xml:146:9-54
	android:name
		ADDED from src\main\AndroidManifest.xml:146:19-51
activity#org.yooz.safe.CallSafeActivity
ADDED from src\main\AndroidManifest.xml:147:9-54
	android:name
		ADDED from src\main\AndroidManifest.xml:147:19-51
service#org.yooz.service.CallSafeService
ADDED from src\main\AndroidManifest.xml:149:9-68
	android:name
		ADDED from src\main\AndroidManifest.xml:149:18-65
activity#org.yooz.safe.AppManagerActivity
ADDED from src\main\AndroidManifest.xml:151:9-154:20
	android:label
		ADDED from src\main\AndroidManifest.xml:153:13-63
	android:name
		ADDED from src\main\AndroidManifest.xml:152:13-47
activity#org.yooz.safe.TaskManagerActivity
ADDED from src\main\AndroidManifest.xml:155:9-158:20
	android:label
		ADDED from src\main\AndroidManifest.xml:157:13-64
	android:name
		ADDED from src\main\AndroidManifest.xml:156:13-48
activity#org.yooz.safe.TaskManagerSettingActivity
ADDED from src\main\AndroidManifest.xml:159:9-162:20
	android:label
		ADDED from src\main\AndroidManifest.xml:161:13-72
	android:name
		ADDED from src\main\AndroidManifest.xml:160:13-55
service#org.yooz.service.KillTaskService
ADDED from src\main\AndroidManifest.xml:164:9-168:19
	android:enabled
		ADDED from src\main\AndroidManifest.xml:166:13-35
	android:exported
		ADDED from src\main\AndroidManifest.xml:167:13-36
	android:name
		ADDED from src\main\AndroidManifest.xml:165:13-60
receiver#org.yooz.receiver.MyAppWidget
ADDED from src\main\AndroidManifest.xml:170:9-178:20
	android:name
		ADDED from src\main\AndroidManifest.xml:170:19-63
intent-filter#android.appwidget.action.APPWIDGET_UPDATE
ADDED from src\main\AndroidManifest.xml:171:13-173:29
action#android.appwidget.action.APPWIDGET_UPDATE
ADDED from src\main\AndroidManifest.xml:172:17-84
	android:name
		ADDED from src\main\AndroidManifest.xml:172:25-81
meta-data#android.appwidget.provider
ADDED from src\main\AndroidManifest.xml:175:13-177:66
	android:resource
		ADDED from src\main\AndroidManifest.xml:177:17-63
	android:name
		ADDED from src\main\AndroidManifest.xml:176:17-58
receiver#org.yooz.receiver.KillProcesWidgetReceiver
ADDED from src\main\AndroidManifest.xml:180:9-184:20
	android:name
		ADDED from src\main\AndroidManifest.xml:180:19-76
intent-filter#org.yooz.killProcesWidget
ADDED from src\main\AndroidManifest.xml:181:13-183:29
action#org.yooz.killProcesWidget
ADDED from src\main\AndroidManifest.xml:182:17-68
	android:name
		ADDED from src\main\AndroidManifest.xml:182:25-65
service#org.yooz.service.KillProcesWidgetService
ADDED from src\main\AndroidManifest.xml:186:9-190:19
	android:enabled
		ADDED from src\main\AndroidManifest.xml:188:13-35
	android:exported
		ADDED from src\main\AndroidManifest.xml:189:13-36
	android:name
		ADDED from src\main\AndroidManifest.xml:187:13-68
activity#org.yooz.safe.AntivirusActivity
ADDED from src\main\AndroidManifest.xml:192:9-195:20
	android:label
		ADDED from src\main\AndroidManifest.xml:194:13-61
	android:name
		ADDED from src\main\AndroidManifest.xml:193:13-46
activity#org.yooz.safe.AppLockActivity
ADDED from src\main\AndroidManifest.xml:196:9-199:20
	android:label
		ADDED from src\main\AndroidManifest.xml:198:13-60
	android:name
		ADDED from src\main\AndroidManifest.xml:197:13-44
activity#org.yooz.safe.LockPwdActivity
ADDED from src\main\AndroidManifest.xml:200:9-204:20
	android:label
		ADDED from src\main\AndroidManifest.xml:202:13-60
	android:launchMode
		ADDED from src\main\AndroidManifest.xml:203:13-48
	android:name
		ADDED from src\main\AndroidManifest.xml:201:13-44
service#org.yooz.service.WatchDagService
ADDED from src\main\AndroidManifest.xml:206:9-210:19
	android:enabled
		ADDED from src\main\AndroidManifest.xml:208:13-35
	android:exported
		ADDED from src\main\AndroidManifest.xml:209:13-36
	android:name
		ADDED from src\main\AndroidManifest.xml:207:13-60
activity#org.yooz.safe.DataClearActicity
ADDED from src\main\AndroidManifest.xml:212:9-215:20
	android:label
		ADDED from src\main\AndroidManifest.xml:214:13-71
	android:name
		ADDED from src\main\AndroidManifest.xml:213:13-46
activity#org.yooz.safe.DataClearActivity
ADDED from src\main\AndroidManifest.xml:216:9-219:20
	android:label
		ADDED from src\main\AndroidManifest.xml:218:13-62
	android:name
		ADDED from src\main\AndroidManifest.xml:217:13-46
activity#cn.jpush.android.ui.PushActivity
ADDED from src\main\AndroidManifest.xml:232:9-243:20
	android:exported
		ADDED from src\main\AndroidManifest.xml:235:13-37
	android:configChanges
		ADDED from src\main\AndroidManifest.xml:234:13-63
	android:theme
		ADDED from src\main\AndroidManifest.xml:236:13-60
	android:name
		ADDED from src\main\AndroidManifest.xml:233:13-60
intent-filter#android.intent.category.DEFAULT+cn.jpush.android.ui.PushActivity+org.yooz.safe
ADDED from src\main\AndroidManifest.xml:237:13-242:29
action#cn.jpush.android.ui.PushActivity
ADDED from src\main\AndroidManifest.xml:238:17-75
	android:name
		ADDED from src\main\AndroidManifest.xml:238:25-72
category#android.intent.category.DEFAULT
ADDED from src\main\AndroidManifest.xml:240:17-76
	android:name
		ADDED from src\main\AndroidManifest.xml:240:27-73
category#org.yooz.safe
ADDED from src\main\AndroidManifest.xml:241:17-58
	android:name
		ADDED from src\main\AndroidManifest.xml:241:27-55
service#cn.jpush.android.service.DownloadService
ADDED from src\main\AndroidManifest.xml:246:9-249:48
	android:enabled
		ADDED from src\main\AndroidManifest.xml:248:13-35
	android:exported
		ADDED from src\main\AndroidManifest.xml:249:13-37
	android:name
		ADDED from src\main\AndroidManifest.xml:247:13-68
service#cn.jpush.android.service.PushService
ADDED from src\main\AndroidManifest.xml:254:9-265:19
	android:enabled
		ADDED from src\main\AndroidManifest.xml:256:13-35
	android:exported
		ADDED from src\main\AndroidManifest.xml:257:13-37
	android:name
		ADDED from src\main\AndroidManifest.xml:255:13-64
intent-filter#cn.jpush.android.intent.PUSH_TIME+cn.jpush.android.intent.PushService+cn.jpush.android.intent.REGISTER+cn.jpush.android.intent.REPORT
ADDED from src\main\AndroidManifest.xml:258:13-264:29
action#cn.jpush.android.intent.REGISTER
ADDED from src\main\AndroidManifest.xml:259:17-75
	android:name
		ADDED from src\main\AndroidManifest.xml:259:25-72
action#cn.jpush.android.intent.REPORT
ADDED from src\main\AndroidManifest.xml:260:17-73
	android:name
		ADDED from src\main\AndroidManifest.xml:260:25-70
action#cn.jpush.android.intent.PushService
ADDED from src\main\AndroidManifest.xml:261:17-78
	android:name
		ADDED from src\main\AndroidManifest.xml:261:25-75
action#cn.jpush.android.intent.PUSH_TIME
ADDED from src\main\AndroidManifest.xml:262:17-76
	android:name
		ADDED from src\main\AndroidManifest.xml:262:25-73
service#cn.jpush.android.service.DaemonService
ADDED from src\main\AndroidManifest.xml:268:9-276:19
	android:enabled
		ADDED from src\main\AndroidManifest.xml:270:13-35
	android:exported
		ADDED from src\main\AndroidManifest.xml:271:13-36
	android:name
		ADDED from src\main\AndroidManifest.xml:269:13-66
intent-filter#cn.jpush.android.intent.DaemonService+org.yooz.safe
ADDED from src\main\AndroidManifest.xml:272:13-275:29
action#cn.jpush.android.intent.DaemonService
ADDED from src\main\AndroidManifest.xml:273:17-80
	android:name
		ADDED from src\main\AndroidManifest.xml:273:25-77
receiver#cn.jpush.android.service.PushReceiver
ADDED from src\main\AndroidManifest.xml:279:9-299:20
	android:enabled
		ADDED from src\main\AndroidManifest.xml:281:13-35
	android:exported
		ADDED from src\main\AndroidManifest.xml:282:13-37
	android:name
		ADDED from src\main\AndroidManifest.xml:280:13-65
intent-filter#cn.jpush.android.intent.NOTIFICATION_RECEIVED_PROXY+org.yooz.safe
ADDED from src\main\AndroidManifest.xml:283:13-287:29
	android:priority
		ADDED from src\main\AndroidManifest.xml:283:28-51
action#cn.jpush.android.intent.NOTIFICATION_RECEIVED_PROXY
ADDED from src\main\AndroidManifest.xml:284:17-94
	android:name
		ADDED from src\main\AndroidManifest.xml:284:25-91
intent-filter#android.intent.action.USER_PRESENT+android.net.conn.CONNECTIVITY_CHANGE
ADDED from src\main\AndroidManifest.xml:288:13-291:29
action#android.intent.action.USER_PRESENT
ADDED from src\main\AndroidManifest.xml:289:17-77
	android:name
		ADDED from src\main\AndroidManifest.xml:289:25-74
action#android.net.conn.CONNECTIVITY_CHANGE
ADDED from src\main\AndroidManifest.xml:290:17-79
	android:name
		ADDED from src\main\AndroidManifest.xml:290:25-76
intent-filter#android.intent.action.PACKAGE_ADDED+android.intent.action.PACKAGE_REMOVED
ADDED from src\main\AndroidManifest.xml:293:13-298:29
action#android.intent.action.PACKAGE_ADDED
ADDED from src\main\AndroidManifest.xml:294:17-78
	android:name
		ADDED from src\main\AndroidManifest.xml:294:25-75
action#android.intent.action.PACKAGE_REMOVED
ADDED from src\main\AndroidManifest.xml:295:17-80
	android:name
		ADDED from src\main\AndroidManifest.xml:295:25-77
data
ADDED from src\main\AndroidManifest.xml:297:17-50
	android:scheme
		ADDED from src\main\AndroidManifest.xml:297:23-47
receiver#cn.jpush.android.service.AlarmReceiver
ADDED from src\main\AndroidManifest.xml:302:9-75
	android:name
		ADDED from src\main\AndroidManifest.xml:302:19-72
receiver#org.yooz.receiver.PushReceiver
ADDED from src\main\AndroidManifest.xml:305:9-324:20
	android:enabled
		ADDED from src\main\AndroidManifest.xml:307:13-35
	android:name
		ADDED from src\main\AndroidManifest.xml:306:13-58
intent-filter#cn.jpush.android.intent.ACTION_RICHPUSH_CALLBACK+cn.jpush.android.intent.CONNECTION+cn.jpush.android.intent.MESSAGE_RECEIVED+cn.jpush.android.intent.NOTIFICATION_OPENED+cn.jpush.android.intent.NOTIFICATION_RECEIVED+cn.jpush.android.intent.REGISTRATION+cn.jpush.android.intent.UNREGISTRATION+org.yooz.safe
ADDED from src\main\AndroidManifest.xml:308:13-323:29
action#cn.jpush.android.intent.REGISTRATION
ADDED from src\main\AndroidManifest.xml:309:17-79
	android:name
		ADDED from src\main\AndroidManifest.xml:309:25-76
action#cn.jpush.android.intent.UNREGISTRATION
ADDED from src\main\AndroidManifest.xml:311:17-81
	android:name
		ADDED from src\main\AndroidManifest.xml:311:25-78
action#cn.jpush.android.intent.MESSAGE_RECEIVED
ADDED from src\main\AndroidManifest.xml:312:17-83
	android:name
		ADDED from src\main\AndroidManifest.xml:312:25-80
action#cn.jpush.android.intent.NOTIFICATION_RECEIVED
ADDED from src\main\AndroidManifest.xml:314:17-88
	android:name
		ADDED from src\main\AndroidManifest.xml:314:25-85
action#cn.jpush.android.intent.NOTIFICATION_OPENED
ADDED from src\main\AndroidManifest.xml:316:17-86
	android:name
		ADDED from src\main\AndroidManifest.xml:316:25-83
action#cn.jpush.android.intent.ACTION_RICHPUSH_CALLBACK
ADDED from src\main\AndroidManifest.xml:318:17-91
	android:name
		ADDED from src\main\AndroidManifest.xml:318:25-88
action#cn.jpush.android.intent.CONNECTION
ADDED from src\main\AndroidManifest.xml:320:17-77
	android:name
		ADDED from src\main\AndroidManifest.xml:320:25-74
meta-data#JPUSH_CHANNEL
ADDED from src\main\AndroidManifest.xml:327:9-329:49
	android:value
		ADDED from src\main\AndroidManifest.xml:329:13-46
	android:name
		ADDED from src\main\AndroidManifest.xml:328:13-41
meta-data#JPUSH_APPKEY
ADDED from src\main\AndroidManifest.xml:330:9-332:56
	android:value
		ADDED from src\main\AndroidManifest.xml:332:13-53
	android:name
		ADDED from src\main\AndroidManifest.xml:331:13-40